\BOOKMARK [1][-]{section.1}{Setup}{}% 1
\BOOKMARK [2][-]{subsection.1.1}{Configuring Github}{section.1}% 2
\BOOKMARK [2][-]{subsection.1.2}{Setting up SSH key authentication}{section.1}% 3
\BOOKMARK [2][-]{subsection.1.3}{Creating a new repository}{section.1}% 4
\BOOKMARK [2][-]{subsection.1.4}{Cloning a repository}{section.1}% 5
\BOOKMARK [2][-]{subsection.1.5}{Gitignore}{section.1}% 6
\BOOKMARK [1][-]{section.2}{Workflow}{}% 7
\BOOKMARK [1][-]{section.3}{The Basics}{}% 8
\BOOKMARK [2][-]{subsection.3.1}{Adding files}{section.3}% 9
\BOOKMARK [3][-]{subsubsection.3.1.1}{For the first time}{subsection.3.1}% 10
\BOOKMARK [3][-]{subsubsection.3.1.2}{Staging files with git add}{subsection.3.1}% 11
\BOOKMARK [2][-]{subsection.3.2}{Commits}{section.3}% 12
\BOOKMARK [2][-]{subsection.3.3}{Pushing and pulling- Communicating with remote}{section.3}% 13
\BOOKMARK [1][-]{section.4}{Forks}{}% 14
\BOOKMARK [2][-]{subsection.4.1}{Setting up a fork}{section.4}% 15
\BOOKMARK [2][-]{subsection.4.2}{Keeping a fork up to date}{section.4}% 16
\BOOKMARK [3][-]{subsubsection.4.2.1}{Setup}{subsection.4.2}% 17
\BOOKMARK [3][-]{subsubsection.4.2.2}{Fetching from upstream}{subsection.4.2}% 18
\BOOKMARK [2][-]{subsection.4.3}{Pull Requests}{section.4}% 19
\BOOKMARK [1][-]{section.5}{Branches}{}% 20
\BOOKMARK [2][-]{subsection.5.1}{Creating a new branch}{section.5}% 21
\BOOKMARK [2][-]{subsection.5.2}{Switching between branches}{section.5}% 22
\BOOKMARK [2][-]{subsection.5.3}{Working on the branch}{section.5}% 23
\BOOKMARK [2][-]{subsection.5.4}{Fetching master or other branch}{section.5}% 24
\BOOKMARK [2][-]{subsection.5.5}{Pull requests}{section.5}% 25
\BOOKMARK [1][-]{section.6}{Useful commands}{}% 26
\BOOKMARK [1][-]{section.7}{I fucked up}{}% 27
\BOOKMARK [2][-]{subsubsection.7.0.1}{Added a file to repository that should only exist locally}{section.7}% 28
\BOOKMARK [3][-]{subsubsection.7.0.2}{Commited too early}{subsubsection.7.0.1}% 29
\BOOKMARK [3][-]{subsubsection.7.0.3}{Unstaging a file}{subsubsection.7.0.1}% 30
\BOOKMARK [3][-]{subsubsection.7.0.4}{Undoing changes to a file}{subsubsection.7.0.1}% 31
